2024-04-18 16:12:02.505 [main] DEBUG Test1 - interrupt
2024-04-18 16:12:02.509 [t1] DEBUG Test1 - 被打断，退出循环
2024-04-18 16:12:33.223 [main] DEBUG Test1 - interrupt
2024-04-18 16:12:33.224 [t1] DEBUG Test1 - 被打断，退出循环
2024-04-18 16:13:09.762 [main] DEBUG Test1 - before interrupt
2024-04-18 16:13:11.771 [main] DEBUG Test1 - interrupt
2024-04-18 16:13:11.771 [t1] DEBUG Test1 - 被打断，退出循环
2024-04-18 17:01:44.436 [monitor] DEBUG c.k.t.TwoPhaseTermination - 执行监控记录
2024-04-18 17:01:45.445 [monitor] DEBUG c.k.t.TwoPhaseTermination - 执行监控记录
2024-04-18 17:01:46.450 [monitor] DEBUG c.k.t.TwoPhaseTermination - 执行监控记录
2024-04-18 17:01:46.950 [monitor] ERROR c.k.t.TwoPhaseTermination - 睡眠异常:{}
java.lang.InterruptedException: sleep interrupted
	at java.lang.Thread.sleep(Native Method)
	at com.kk.Chapter1.TwoPhaseTermination.lambda$start$0(Test_TwoPhaseTermination.java:32)
	at java.lang.Thread.run(Thread.java:750)
2024-04-18 17:01:46.950 [monitor] DEBUG c.k.t.TwoPhaseTermination - 料理后事
2024-04-18 17:02:50.329 [monitor] DEBUG c.k.t.TwoPhaseTermination - 执行监控记录
2024-04-18 17:02:51.340 [monitor] DEBUG c.k.t.TwoPhaseTermination - 执行监控记录
2024-04-18 17:02:52.351 [monitor] DEBUG c.k.t.TwoPhaseTermination - 执行监控记录
2024-04-18 17:02:52.836 [monitor] ERROR c.k.t.TwoPhaseTermination - 睡眠异常:{}
java.lang.InterruptedException: sleep interrupted
	at java.lang.Thread.sleep(Native Method)
	at com.kk.Chapter1.TwoPhaseTermination.lambda$start$0(Test_TwoPhaseTermination.java:29)
	at java.lang.Thread.run(Thread.java:750)
2024-04-18 17:02:52.837 [monitor] DEBUG c.k.t.TwoPhaseTermination - 料理后事
2024-04-18 17:03:08.864 [monitor] DEBUG Test_TwoPhaseTermination - 执行监控记录
2024-04-18 17:03:09.872 [monitor] DEBUG Test_TwoPhaseTermination - 执行监控记录
2024-04-18 17:03:10.880 [monitor] DEBUG Test_TwoPhaseTermination - 执行监控记录
2024-04-18 17:03:11.368 [monitor] ERROR Test_TwoPhaseTermination - 睡眠异常:{}
java.lang.InterruptedException: sleep interrupted
	at java.lang.Thread.sleep(Native Method)
	at com.kk.Chapter1.TwoPhaseTermination.lambda$start$0(Test_TwoPhaseTermination.java:29)
	at java.lang.Thread.run(Thread.java:750)
2024-04-18 17:03:11.368 [monitor] DEBUG Test_TwoPhaseTermination - 料理后事
2024-04-18 17:26:09.919 [t1] DEBUG Test1 - park...
2024-04-18 17:26:10.919 [t1] DEBUG Test1 - unpark...
2024-04-18 17:26:59.249 [t1] DEBUG Test1 - park...
2024-04-18 17:27:00.250 [t1] DEBUG Test1 - unpark...
2024-04-18 17:27:57.677 [t1] DEBUG Test1 - park...
2024-04-18 17:27:57.728 [t1] DEBUG Test1 - unpark...
2024-04-18 17:28:15.145 [t1] DEBUG Test1 - park...
2024-04-18 17:28:17.153 [t1] DEBUG Test1 - unpark...
2024-04-18 17:29:38.523 [t1] DEBUG Test1 - park...
2024-04-18 17:29:39.023 [t1] DEBUG Test1 - unpark...
2024-04-18 17:33:12.281 [t1] DEBUG Test1 - park...
2024-04-18 17:33:17.281 [t1] DEBUG Test1 - unpark...
2024-04-18 17:40:15.646 [t1] DEBUG Test1 - park...
2024-04-18 17:40:20.654 [t1] DEBUG Test1 - unpark...
2024-04-18 17:44:04.311 [t1] DEBUG Test1 - park...
2024-04-18 17:44:05.311 [t1] DEBUG Test1 - unpark...
2024-04-18 17:44:42.467 [t1] DEBUG Test1 - park...
2024-04-18 17:44:43.479 [t1] DEBUG Test1 - unpark...
2024-04-18 17:44:58.239 [t1] DEBUG Test1 - park...
2024-04-18 17:44:59.252 [t1] DEBUG Test1 - unpark...
2024-04-18 17:45:07.570 [t1] DEBUG Test1 - park...
2024-04-18 17:45:08.578 [t1] DEBUG Test1 - unpark...
2024-04-18 17:47:23.848 [t1] DEBUG c.kk.thread_method.Test_Interrupt_2 - park...
2024-04-18 17:48:09.454 [t1] DEBUG parkThread - park...
2024-04-18 17:48:31.860 [t1] DEBUG parkThread - park...
2024-04-18 17:48:32.864 [t1] DEBUG parkThread - unpark...
2024-04-18 17:48:32.864 [t1] DEBUG parkThread - 打断状态:true
2024-04-18 17:48:32.865 [t1] DEBUG parkThread - unpark...
2024-04-18 17:49:48.613 [t1] DEBUG parkThread - 打断状态:false
2024-04-18 17:49:48.615 [t1] DEBUG parkThread - park...
2024-04-18 17:49:49.623 [t1] DEBUG parkThread - unpark...
2024-04-18 17:49:49.623 [t1] DEBUG parkThread - 打断状态:true
2024-04-18 17:49:49.623 [t1] DEBUG parkThread - unpark...
2024-04-18 17:50:56.717 [t1] DEBUG parkThread - 打断状态:false
2024-04-18 17:50:56.719 [t1] DEBUG parkThread - park...
2024-04-18 17:50:57.715 [t1] DEBUG parkThread - unpark...
2024-04-18 17:50:57.715 [t1] DEBUG parkThread - 打断状态:true
2024-04-18 17:50:57.715 [t1] DEBUG parkThread - unpark...
2024-04-18 17:52:11.193 [t1] DEBUG parkThread - 打断状态:false
2024-04-18 17:52:11.195 [t1] DEBUG parkThread - park...
2024-04-18 17:52:12.204 [t1] DEBUG parkThread - unpark...
2024-04-18 17:52:12.204 [t1] DEBUG parkThread - 打断状态:true
2024-04-18 17:52:12.204 [t1] DEBUG parkThread - 打断状态:true
2024-04-18 21:05:35.655 [t3] DEBUG TestState - running...
2024-04-18 21:05:36.166 [main] DEBUG TestState - t1 state NEW
2024-04-18 21:05:36.169 [main] DEBUG TestState - t2 state NEW
2024-04-18 21:05:36.169 [main] DEBUG TestState - t3 state TERMINATED
2024-04-18 21:05:36.169 [main] DEBUG TestState - t4 state TIMED_WAITING
2024-04-18 21:05:36.169 [main] DEBUG TestState - t5 state TERMINATED
2024-04-18 21:05:36.169 [main] DEBUG TestState - t6 state BLOCKED
2024-04-18 21:05:54.791 [t3] DEBUG TestState - running...
2024-04-18 21:05:55.298 [main] DEBUG TestState - t1 state NEW
2024-04-18 21:05:55.299 [main] DEBUG TestState - t2 state RUNNABLE
2024-04-18 21:05:55.299 [main] DEBUG TestState - t3 state TERMINATED
2024-04-18 21:05:55.300 [main] DEBUG TestState - t4 state TIMED_WAITING
2024-04-18 21:05:55.300 [main] DEBUG TestState - t5 state WAITING
2024-04-18 21:05:55.300 [main] DEBUG TestState - t6 state BLOCKED
2024-04-18 21:32:14.039 [老王] DEBUG com.kk.application.case1 - 洗水壶
2024-04-18 21:32:14.039 [小王] DEBUG com.kk.application.case1 - 洗茶壶
2024-04-18 21:32:14.042 [小王] DEBUG com.kk.application.case1 - 洗茶杯
2024-04-18 21:32:14.042 [老王] DEBUG com.kk.application.case1 - 烧开水
2024-04-18 21:32:14.045 [小王] DEBUG com.kk.application.case1 - 拿茶叶
2024-04-18 21:32:14.058 [小王] DEBUG com.kk.application.case1 - 泡茶
